INFO:root:2016-04-22 17:34:43ActionCruiseShip - into_cruiseBK - 进入app
INFO:root:2016-04-22 17:34:49ActionCruiseShip - into_cruiseBK - home主页点击邮轮
INFO:root:2016-04-22 17:34:50ActionCruiseShip - into_cruiseBK - 点击邮轮百科
INFO:root:2016-04-22 17:35:15ActionCruiseShip - order_bargain_cruise - 进入app
INFO:root:2016-04-22 17:35:21ActionCruiseShip - order_bargain_cruise - home主页点击邮轮
INFO:root:2016-04-22 17:35:22ActionCruiseShip - order_bargain_cruise - 特价限时抢购
INFO:root:2016-04-22 17:35:26ActionCruiseShip - order_bargain_cruise - 更多航期
INFO:root:2016-04-22 17:35:33ActionCruiseShip - order_bargain_cruise - 选择最后一个航期
INFO:root:2016-04-22 17:35:34ActionCruiseShip - order_bargain_cruise - 选择第一个预订
INFO:root:2016-04-22 17:35:37ActionCruiseShip - order_bargain_cruise - 登录账号页面
INFO:root:2016-04-22 17:35:53ActionCruiseShip - order_bargain_cruise - 填写订单，用户名+测试
INFO:root:2016-04-22 17:36:06ActionCruiseShip - order_bargain_cruise - 提交订单
INFO:root:2016-04-22 17:36:29ActionCruiseShip - search_cruiseShip - 进入app
INFO:root:2016-04-22 17:36:35ActionCruiseShip - search_cruiseShip - home主页点击邮轮
INFO:root:2016-04-22 17:36:36ActionCruiseShip - search_cruiseShip - 邮轮主页点击搜索图标
INFO:root:2016-04-22 17:36:40ActionCruiseShip - search_cruiseShip - 邮轮航线选择
INFO:root:2016-04-22 17:36:44ActionCruiseShip - search_cruiseShip - 选择第一个航线
INFO:root:2016-04-22 17:36:46ActionCruiseShip - search_cruiseShip - 点击出发港口
INFO:root:2016-04-22 17:36:47ActionCruiseShip - search_cruiseShip - 选择第一个港口
INFO:root:2016-04-22 17:36:52ActionCruiseShip - search_cruiseShip - 点击邮轮搜索
